[debug] [2020-03-24T17:43:04.208Z] ----------------------------------------------------------------------
[debug] [2020-03-24T17:43:04.209Z] Command:       /usr/local/bin/node /usr/local/bin/firebase init
[debug] [2020-03-24T17:43:04.210Z] CLI Version:   7.16.0
[debug] [2020-03-24T17:43:04.210Z] Platform:      darwin
[debug] [2020-03-24T17:43:04.210Z] Node Version:  v13.10.1
[debug] [2020-03-24T17:43:04.211Z] Time:          Tue Mar 24 2020 20:43:04 GMT+0300 (GMT+03:00)
[debug] [2020-03-24T17:43:04.211Z] ----------------------------------------------------------------------
[debug] [2020-03-24T17:43:04.211Z] 
[debug] [2020-03-24T17:43:04.217Z] > command requires scopes: ["email","openid","https://www.googleapis.com/auth/cloudplatformprojects.readonly","https://www.googleapis.com/auth/firebase","https://www.googleapis.com/auth/cloud-platform"]
[debug] [2020-03-24T17:43:04.217Z] > authorizing via signed-in user
[info] 
     ######## #### ########  ######## ########     ###     ######  ########
     ##        ##  ##     ## ##       ##     ##  ##   ##  ##       ##
     ######    ##  ########  ######   ########  #########  ######  ######
     ##        ##  ##    ##  ##       ##     ## ##     ##       ## ##
     ##       #### ##     ## ######## ########  ##     ##  ######  ########

You're about to initialize a Firebase project in this directory:

  /Users/alina/Desktop/udemyJS/practice-places-01-starting-setup

[info] 
=== Project Setup
[info] 
[info] First, let's associate this project directory with a Firebase project.
[info] You can create multiple project aliases by running firebase use --add, 
[info] but for now we'll just set up a default project.
[info] 
[info] i  If you want to create a project in a Google Cloud organization or folder, please use "firebase projects:create" instead, and return to this command when you've created the project.
[debug] [2020-03-24T17:44:31.748Z] > refreshing access token with scopes: ["email","https://www.googleapis.com/auth/cloud-platform","https://www.googleapis.com/auth/cloudplatformprojects.readonly","https://www.googleapis.com/auth/firebase","openid"]
[debug] [2020-03-24T17:44:31.748Z] >>> HTTP REQUEST POST https://www.googleapis.com/oauth2/v3/token  
 <request body omitted>
[debug] [2020-03-24T17:44:31.957Z] <<< HTTP RESPONSE 200
[debug] [2020-03-24T17:44:31.976Z] >>> HTTP REQUEST POST https://cloudresourcemanager.googleapis.com/v1/projects  

[debug] [2020-03-24T17:44:33.531Z] <<< HTTP RESPONSE 409
[debug] [2020-03-24T17:44:33.531Z] <<< HTTP RESPONSE BODY
[debug] [2020-03-24T17:44:33.532Z] HTTP Error: 409, Requested entity already exists
[debug] [2020-03-24T17:44:33.751Z] FirebaseError: HTTP Error: 409, Requested entity already exists
    at module.exports (/usr/local/lib/node_modules/firebase-tools/lib/responseToError.js:38:12)
    at Request._callback (/usr/local/lib/node_modules/firebase-tools/lib/api.js:40:35)
    at Request.self.callback (/usr/local/lib/node_modules/firebase-tools/node_modules/request/request.js:185:22)
    at Request.emit (events.js:316:20)
    at Request.EventEmitter.emit (domain.js:485:12)
    at Request.<anonymous> (/usr/local/lib/node_modules/firebase-tools/node_modules/request/request.js:1154:10)
    at Request.emit (events.js:316:20)
    at Request.EventEmitter.emit (domain.js:485:12)
    at IncomingMessage.<anonymous> (/usr/local/lib/node_modules/firebase-tools/node_modules/request/request.js:1076:12)
    at Object.onceWrapper (events.js:422:28)
    at IncomingMessage.emit (events.js:328:22)
    at IncomingMessage.EventEmitter.emit (domain.js:485:12)
    at endReadableNT (_stream_readable.js:1201:12)
    at processTicksAndRejections (internal/process/task_queues.js:84:21)
[error] 
[error] Error: Failed to create Google Cloud project. See firebase-debug.log for more info.
